{
  "0 debug pnpm:scope": {
    "selected": 1
  },
  "1 error pnpm": {
    "code": "ELIFECYCLE",
    "errno": "ENOENT",
    "syscall": "spawn",
    "file": "sh",
    "pkgid": "app@",
    "stage": "build",
    "script": "next build",
    "pkgname": "app",
    "err": {
      "name": "pnpm",
      "message": "app@ build: `next build`\nspawn ENOENT",
      "code": "ELIFECYCLE",
      "stack": "pnpm: app@ build: `next build`\nspawn ENOENT\n    at ChildProcess.<anonymous> (/home/veritem/.nvm/versions/node/v16.12.0/pnpm-global/5/node_modules/.pnpm/pnpm@6.19.0/node_modules/pnpm/dist/pnpm.cjs:92961:22)\n    at ChildProcess.emit (node:events:390:28)\n    at maybeClose (node:internal/child_process:1064:16)\n    at Process.ChildProcess._handle.onexit (node:internal/child_process:301:5)"
    }
  },
  "2 warn pnpm:global": " Local package.json exists, but node_modules missing, did you mean to install?"
}